
SQL*Loader: Release 10.2.0.1.0 - Production on Fri Feb 28 20:01:00 2014

Copyright (c) 1982, 2005, Oracle.  All rights reserved.

Control File:   D:\workspace\pimu\sqlloader.ctl
Data File:      d:\bcpf.csv
  Bad File:     D:\workspace\pimu\bcpf.bad
  Discard File:  none specified
 
 (Allow all discards)

Number to load: ALL
Number to skip: 0
Errors allowed: 50
Bind array:     330 rows, maximum of 256000 bytes
Continuation:    none specified
Path used:      Conventional

Table PIMU_MAPPING1, loaded from every logical record.
Insert option in effect for this table: APPEND

   Column Name                  Position   Len  Term Encl Datatype
------------------------------ ---------- ----- ---- ---- ---------------------
ORGANIZATIONID                      FIRST     *   ,       CHARACTER            
EDCOID                               NEXT     *   ,       CHARACTER            
COMMONNAME                           NEXT     *   ,       CHARACTER            


Table PIMU_MAPPING1:
  28225 Rows successfully loaded.
  0 Rows not loaded due to data errors.
  0 Rows not loaded because all WHEN clauses were failed.
  0 Rows not loaded because all fields were null.


Space allocated for bind array:                 255420 bytes(330 rows)
Read   buffer bytes: 1048576

Total logical records skipped:          0
Total logical records read:         28225
Total logical records rejected:         0
Total logical records discarded:        0

Run began on Fri Feb 28 20:01:00 2014
Run ended on Fri Feb 28 20:01:00 2014

Elapsed time was:     00:00:00.32
CPU time was:         00:00:00.09
